The target system is: Linux -  - 
The host system is: Linux - 5.11.0-051100-generic - x86_64
Compiling the C compiler identification source file "CMakeCCompilerId.c" succeeded.
Compiler: /home/xinyu/.Toolchain/gcc-buildroot-9.3.0-2020.03-x86_64_aarch64-rockchip-linux-gnu/bin/aarch64-rockchip-linux-gnu-gcc 
Build flags: 
Id flags:  

The output was:
0


Compilation of the C compiler identification source "CMakeCCompilerId.c" produced "a.out"

The C compiler identification is GNU, found in "/home/xinyu/workspace/360/shunYu-TOFRGBD/camera_lcm_demo_SY/build/CMakeFiles/3.10.2/CompilerIdC/a.out"

Compiling the CXX compiler identification source file "CMakeCXXCompilerId.cpp" succeeded.
Compiler: /home/xinyu/.Toolchain/gcc-buildroot-9.3.0-2020.03-x86_64_aarch64-rockchip-linux-gnu/bin/aarch64-rockchip-linux-gnu-g++ 
Build flags: 
Id flags:  

The output was:
0


Compilation of the CXX compiler identification source "CMakeCXXCompilerId.cpp" produced "a.out"

The CXX compiler identification is GNU, found in "/home/xinyu/workspace/360/shunYu-TOFRGBD/camera_lcm_demo_SY/build/CMakeFiles/3.10.2/CompilerIdCXX/a.out"

Determining if the C compiler works passed with the following output:
Change Dir: /home/xinyu/workspace/360/shunYu-TOFRGBD/camera_lcm_demo_SY/build/CMakeFiles/CMakeTmp

Run Build Command:"/usr/bin/make" "cmTC_a6c4c/fast"
/usr/bin/make -f CMakeFiles/cmTC_a6c4c.dir/build.make CMakeFiles/cmTC_a6c4c.dir/build
make[1]: 进入目录“/home/xinyu/workspace/360/shunYu-TOFRGBD/camera_lcm_demo_SY/build/CMakeFiles/CMakeTmp”
Building C object CMakeFiles/cmTC_a6c4c.dir/testCCompiler.c.o
/home/xinyu/.Toolchain/gcc-buildroot-9.3.0-2020.03-x86_64_aarch64-rockchip-linux-gnu/bin/aarch64-rockchip-linux-gnu-gcc -DUSER=\"xinyu\"   -o CMakeFiles/cmTC_a6c4c.dir/testCCompiler.c.o   -c /home/xinyu/workspace/360/shunYu-TOFRGBD/camera_lcm_demo_SY/build/CMakeFiles/CMakeTmp/testCCompiler.c
Linking C executable cmTC_a6c4c
/usr/bin/cmake -E cmake_link_script CMakeFiles/cmTC_a6c4c.dir/link.txt --verbose=1
/home/xinyu/.Toolchain/gcc-buildroot-9.3.0-2020.03-x86_64_aarch64-rockchip-linux-gnu/bin/aarch64-rockchip-linux-gnu-gcc      -rdynamic CMakeFiles/cmTC_a6c4c.dir/testCCompiler.c.o  -o cmTC_a6c4c 
make[1]: 离开目录“/home/xinyu/workspace/360/shunYu-TOFRGBD/camera_lcm_demo_SY/build/CMakeFiles/CMakeTmp”


Detecting C compiler ABI info compiled with the following output:
Change Dir: /home/xinyu/workspace/360/shunYu-TOFRGBD/camera_lcm_demo_SY/build/CMakeFiles/CMakeTmp

Run Build Command:"/usr/bin/make" "cmTC_a0e19/fast"
/usr/bin/make -f CMakeFiles/cmTC_a0e19.dir/build.make CMakeFiles/cmTC_a0e19.dir/build
make[1]: 进入目录“/home/xinyu/workspace/360/shunYu-TOFRGBD/camera_lcm_demo_SY/build/CMakeFiles/CMakeTmp”
Building C object CMakeFiles/cmTC_a0e19.dir/CMakeCCompilerABI.c.o
/home/xinyu/.Toolchain/gcc-buildroot-9.3.0-2020.03-x86_64_aarch64-rockchip-linux-gnu/bin/aarch64-rockchip-linux-gnu-gcc -DUSER=\"xinyu\"   -o CMakeFiles/cmTC_a0e19.dir/CMakeCCompilerABI.c.o   -c /usr/share/cmake-3.10/Modules/CMakeCCompilerABI.c
Linking C executable cmTC_a0e19
/usr/bin/cmake -E cmake_link_script CMakeFiles/cmTC_a0e19.dir/link.txt --verbose=1
/home/xinyu/.Toolchain/gcc-buildroot-9.3.0-2020.03-x86_64_aarch64-rockchip-linux-gnu/bin/aarch64-rockchip-linux-gnu-gcc     -v -rdynamic CMakeFiles/cmTC_a0e19.dir/CMakeCCompilerABI.c.o  -o cmTC_a0e19 
使用内建 specs。
COLLECT_GCC=/home/xinyu/.Toolchain/gcc-buildroot-9.3.0-2020.03-x86_64_aarch64-rockchip-linux-gnu/bin/aarch64-rockchip-linux-gnu-gcc.br_real
COLLECT_LTO_WRAPPER=/home/xinyu/.Toolchain/gcc-buildroot-9.3.0-2020.03-x86_64_aarch64-rockchip-linux-gnu/bin/../libexec/gcc/aarch64-rockchip-linux-gnu/9.3.0/lto-wrapper
目标：aarch64-rockchip-linux-gnu
配置为：./configure --prefix=/home/yhx/RK356X/SDK/buildroot/output/rockchip_toolchain/host --sysconfdir=/home/yhx/RK356X/SDK/buildroot/output/rockchip_toolchain/host/etc --enable-static --target=aarch64-rockchip-linux-gnu --with-sysroot=/home/yhx/RK356X/SDK/buildroot/output/rockchip_toolchain/host/aarch64-rockchip-linux-gnu/sysroot --enable-__cxa_atexit --with-gnu-ld --disable-libssp --disable-multilib --disable-decimal-float --with-gmp=/home/yhx/RK356X/SDK/buildroot/output/rockchip_toolchain/host --with-mpc=/home/yhx/RK356X/SDK/buildroot/output/rockchip_toolchain/host --with-mpfr=/home/yhx/RK356X/SDK/buildroot/output/rockchip_toolchain/host --with-pkgversion='Buildroot 2018.02-rc3-g548dfbfc13-dirty' --with-bugurl=http://bugs.buildroot.net/ --disable-libquadmath --enable-tls --enable-plugins --enable-lto --enable-threads --with-isl=/home/yhx/RK356X/SDK/buildroot/output/rockchip_toolchain/host --with-abi=lp64 --with-cpu=cortex-a55 --enable-languages=c,c++ --with-build-time-tools=/home/yhx/RK356X/SDK/buildroot/output/rockchip_toolchain/host/aarch64-rockchip-linux-gnu/bin --enable-shared --enable-libgomp
线程模型：posix
gcc 版本 9.3.0 (Buildroot 2018.02-rc3-g548dfbfc13-dirty) 
COMPILER_PATH=/home/xinyu/.Toolchain/gcc-buildroot-9.3.0-2020.03-x86_64_aarch64-rockchip-linux-gnu/bin/../libexec/gcc/aarch64-rockchip-linux-gnu/9.3.0/:/home/xinyu/.Toolchain/gcc-buildroot-9.3.0-2020.03-x86_64_aarch64-rockchip-linux-gnu/bin/../libexec/gcc/:/home/xinyu/.Toolchain/gcc-buildroot-9.3.0-2020.03-x86_64_aarch64-rockchip-linux-gnu/bin/../lib/gcc/aarch64-rockchip-linux-gnu/9.3.0/../../../../aarch64-rockchip-linux-gnu/bin/
LIBRARY_PATH=/home/xinyu/.Toolchain/gcc-buildroot-9.3.0-2020.03-x86_64_aarch64-rockchip-linux-gnu/bin/../lib/gcc/aarch64-rockchip-linux-gnu/9.3.0/:/home/xinyu/.Toolchain/gcc-buildroot-9.3.0-2020.03-x86_64_aarch64-rockchip-linux-gnu/bin/../lib/gcc/:/home/xinyu/.Toolchain/gcc-buildroot-9.3.0-2020.03-x86_64_aarch64-rockchip-linux-gnu/aarch64-rockchip-linux-gnu/sysroot/lib/../lib64/:/home/xinyu/.Toolchain/gcc-buildroot-9.3.0-2020.03-x86_64_aarch64-rockchip-linux-gnu/aarch64-rockchip-linux-gnu/sysroot/usr/lib/../lib64/:/home/xinyu/.Toolchain/gcc-buildroot-9.3.0-2020.03-x86_64_aarch64-rockchip-linux-gnu/aarch64-rockchip-linux-gnu/sysroot/lib/:/home/xinyu/.Toolchain/gcc-buildroot-9.3.0-2020.03-x86_64_aarch64-rockchip-linux-gnu/aarch64-rockchip-linux-gnu/sysroot/usr/lib/
COLLECT_GCC_OPTIONS='-v' '-rdynamic' '-o' 'cmTC_a0e19' '-mcpu=cortex-a55' '-mlittle-endian' '-mabi=lp64'
 /home/xinyu/.Toolchain/gcc-buildroot-9.3.0-2020.03-x86_64_aarch64-rockchip-linux-gnu/bin/../libexec/gcc/aarch64-rockchip-linux-gnu/9.3.0/collect2 -plugin /home/xinyu/.Toolchain/gcc-buildroot-9.3.0-2020.03-x86_64_aarch64-rockchip-linux-gnu/bin/../libexec/gcc/aarch64-rockchip-linux-gnu/9.3.0/liblto_plugin.so -plugin-opt=/home/xinyu/.Toolchain/gcc-buildroot-9.3.0-2020.03-x86_64_aarch64-rockchip-linux-gnu/bin/../libexec/gcc/aarch64-rockchip-linux-gnu/9.3.0/lto-wrapper -plugin-opt=-fresolution=/tmp/cccNElvk.res -plugin-opt=-pass-through=-lgcc -plugin-opt=-pass-through=-lgcc_s -plugin-opt=-pass-through=-lc -plugin-opt=-pass-through=-lgcc -plugin-opt=-pass-through=-lgcc_s --sysroot=/home/xinyu/.Toolchain/gcc-buildroot-9.3.0-2020.03-x86_64_aarch64-rockchip-linux-gnu/aarch64-rockchip-linux-gnu/sysroot --eh-frame-hdr -export-dynamic -dynamic-linker /lib/ld-linux-aarch64.so.1 -X -EL -maarch64linux -o cmTC_a0e19 /home/xinyu/.Toolchain/gcc-buildroot-9.3.0-2020.03-x86_64_aarch64-rockchip-linux-gnu/aarch64-rockchip-linux-gnu/sysroot/usr/lib/../lib64/crt1.o /home/xinyu/.Toolchain/gcc-buildroot-9.3.0-2020.03-x86_64_aarch64-rockchip-linux-gnu/aarch64-rockchip-linux-gnu/sysroot/usr/lib/../lib64/crti.o /home/xinyu/.Toolchain/gcc-buildroot-9.3.0-2020.03-x86_64_aarch64-rockchip-linux-gnu/bin/../lib/gcc/aarch64-rockchip-linux-gnu/9.3.0/crtbegin.o -L/home/xinyu/.Toolchain/gcc-buildroot-9.3.0-2020.03-x86_64_aarch64-rockchip-linux-gnu/bin/../lib/gcc/aarch64-rockchip-linux-gnu/9.3.0 -L/home/xinyu/.Toolchain/gcc-buildroot-9.3.0-2020.03-x86_64_aarch64-rockchip-linux-gnu/bin/../lib/gcc -L/home/xinyu/.Toolchain/gcc-buildroot-9.3.0-2020.03-x86_64_aarch64-rockchip-linux-gnu/aarch64-rockchip-linux-gnu/sysroot/lib/../lib64 -L/home/xinyu/.Toolchain/gcc-buildroot-9.3.0-2020.03-x86_64_aarch64-rockchip-linux-gnu/aarch64-rockchip-linux-gnu/sysroot/usr/lib/../lib64 -L/home/xinyu/.Toolchain/gcc-buildroot-9.3.0-2020.03-x86_64_aarch64-rockchip-linux-gnu/aarch64-rockchip-linux-gnu/sysroot/lib -L/home/xinyu/.Toolchain/gcc-buildroot-9.3.0-2020.03-x86_64_aarch64-rockchip-linux-gnu/aarch64-rockchip-linux-gnu/sysroot/usr/lib CMakeFiles/cmTC_a0e19.dir/CMakeCCompilerABI.c.o -lgcc --push-state --as-needed -lgcc_s --pop-state -lc -lgcc --push-state --as-needed -lgcc_s --pop-state /home/xinyu/.Toolchain/gcc-buildroot-9.3.0-2020.03-x86_64_aarch64-rockchip-linux-gnu/bin/../lib/gcc/aarch64-rockchip-linux-gnu/9.3.0/crtend.o /home/xinyu/.Toolchain/gcc-buildroot-9.3.0-2020.03-x86_64_aarch64-rockchip-linux-gnu/aarch64-rockchip-linux-gnu/sysroot/usr/lib/../lib64/crtn.o
COLLECT_GCC_OPTIONS='-v' '-rdynamic' '-o' 'cmTC_a0e19' '-mcpu=cortex-a55' '-mlittle-endian' '-mabi=lp64'
make[1]: 离开目录“/home/xinyu/workspace/360/shunYu-TOFRGBD/camera_lcm_demo_SY/build/CMakeFiles/CMakeTmp”


Parsed C implicit link information from above output:
  link line regex: [^( *|.*[/\])(aarch64-rockchip-linux-gnu-ld|CMAKE_LINK_STARTFILE-NOTFOUND|([^/\]+-)?ld|collect2)[^/\]*( |$)]
  ignore line: [Change Dir: /home/xinyu/workspace/360/shunYu-TOFRGBD/camera_lcm_demo_SY/build/CMakeFiles/CMakeTmp]
  ignore line: []
  ignore line: [Run Build Command:"/usr/bin/make" "cmTC_a0e19/fast"]
  ignore line: [/usr/bin/make -f CMakeFiles/cmTC_a0e19.dir/build.make CMakeFiles/cmTC_a0e19.dir/build]
  ignore line: [make[1]: 进入目录“/home/xinyu/workspace/360/shunYu-TOFRGBD/camera_lcm_demo_SY/build/CMakeFiles/CMakeTmp”]
  ignore line: [Building C object CMakeFiles/cmTC_a0e19.dir/CMakeCCompilerABI.c.o]
  ignore line: [/home/xinyu/.Toolchain/gcc-buildroot-9.3.0-2020.03-x86_64_aarch64-rockchip-linux-gnu/bin/aarch64-rockchip-linux-gnu-gcc -DUSER=\"xinyu\"   -o CMakeFiles/cmTC_a0e19.dir/CMakeCCompilerABI.c.o   -c /usr/share/cmake-3.10/Modules/CMakeCCompilerABI.c]
  ignore line: [Linking C executable cmTC_a0e19]
  ignore line: [/usr/bin/cmake -E cmake_link_script CMakeFiles/cmTC_a0e19.dir/link.txt --verbose=1]
  ignore line: [/home/xinyu/.Toolchain/gcc-buildroot-9.3.0-2020.03-x86_64_aarch64-rockchip-linux-gnu/bin/aarch64-rockchip-linux-gnu-gcc     -v -rdynamic CMakeFiles/cmTC_a0e19.dir/CMakeCCompilerABI.c.o  -o cmTC_a0e19 ]
  ignore line: [使用内建 specs。]
  ignore line: [COLLECT_GCC=/home/xinyu/.Toolchain/gcc-buildroot-9.3.0-2020.03-x86_64_aarch64-rockchip-linux-gnu/bin/aarch64-rockchip-linux-gnu-gcc.br_real]
  ignore line: [COLLECT_LTO_WRAPPER=/home/xinyu/.Toolchain/gcc-buildroot-9.3.0-2020.03-x86_64_aarch64-rockchip-linux-gnu/bin/../libexec/gcc/aarch64-rockchip-linux-gnu/9.3.0/lto-wrapper]
  ignore line: [目标：aarch64-rockchip-linux-gnu]
  ignore line: [配置为：./configure --prefix=/home/yhx/RK356X/SDK/buildroot/output/rockchip_toolchain/host --sysconfdir=/home/yhx/RK356X/SDK/buildroot/output/rockchip_toolchain/host/etc --enable-static --target=aarch64-rockchip-linux-gnu --with-sysroot=/home/yhx/RK356X/SDK/buildroot/output/rockchip_toolchain/host/aarch64-rockchip-linux-gnu/sysroot --enable-__cxa_atexit --with-gnu-ld --disable-libssp --disable-multilib --disable-decimal-float --with-gmp=/home/yhx/RK356X/SDK/buildroot/output/rockchip_toolchain/host --with-mpc=/home/yhx/RK356X/SDK/buildroot/output/rockchip_toolchain/host --with-mpfr=/home/yhx/RK356X/SDK/buildroot/output/rockchip_toolchain/host --with-pkgversion='Buildroot 2018.02-rc3-g548dfbfc13-dirty' --with-bugurl=http://bugs.buildroot.net/ --disable-libquadmath --enable-tls --enable-plugins --enable-lto --enable-threads --with-isl=/home/yhx/RK356X/SDK/buildroot/output/rockchip_toolchain/host --with-abi=lp64 --with-cpu=cortex-a55 --enable-languages=c,c++ --with-build-time-tools=/home/yhx/RK356X/SDK/buildroot/output/rockchip_toolchain/host/aarch64-rockchip-linux-gnu/bin --enable-shared --enable-libgomp]
  ignore line: [线程模型：posix]
  ignore line: [gcc 版本 9.3.0 (Buildroot 2018.02-rc3-g548dfbfc13-dirty) ]
  ignore line: [COMPILER_PATH=/home/xinyu/.Toolchain/gcc-buildroot-9.3.0-2020.03-x86_64_aarch64-rockchip-linux-gnu/bin/../libexec/gcc/aarch64-rockchip-linux-gnu/9.3.0/:/home/xinyu/.Toolchain/gcc-buildroot-9.3.0-2020.03-x86_64_aarch64-rockchip-linux-gnu/bin/../libexec/gcc/:/home/xinyu/.Toolchain/gcc-buildroot-9.3.0-2020.03-x86_64_aarch64-rockchip-linux-gnu/bin/../lib/gcc/aarch64-rockchip-linux-gnu/9.3.0/../../../../aarch64-rockchip-linux-gnu/bin/]
  ignore line: [LIBRARY_PATH=/home/xinyu/.Toolchain/gcc-buildroot-9.3.0-2020.03-x86_64_aarch64-rockchip-linux-gnu/bin/../lib/gcc/aarch64-rockchip-linux-gnu/9.3.0/:/home/xinyu/.Toolchain/gcc-buildroot-9.3.0-2020.03-x86_64_aarch64-rockchip-linux-gnu/bin/../lib/gcc/:/home/xinyu/.Toolchain/gcc-buildroot-9.3.0-2020.03-x86_64_aarch64-rockchip-linux-gnu/aarch64-rockchip-linux-gnu/sysroot/lib/../lib64/:/home/xinyu/.Toolchain/gcc-buildroot-9.3.0-2020.03-x86_64_aarch64-rockchip-linux-gnu/aarch64-rockchip-linux-gnu/sysroot/usr/lib/../lib64/:/home/xinyu/.Toolchain/gcc-buildroot-9.3.0-2020.03-x86_64_aarch64-rockchip-linux-gnu/aarch64-rockchip-linux-gnu/sysroot/lib/:/home/xinyu/.Toolchain/gcc-buildroot-9.3.0-2020.03-x86_64_aarch64-rockchip-linux-gnu/aarch64-rockchip-linux-gnu/sysroot/usr/lib/]
  ignore line: [COLLECT_GCC_OPTIONS='-v' '-rdynamic' '-o' 'cmTC_a0e19' '-mcpu=cortex-a55' '-mlittle-endian' '-mabi=lp64']
  link line: [ /home/xinyu/.Toolchain/gcc-buildroot-9.3.0-2020.03-x86_64_aarch64-rockchip-linux-gnu/bin/../libexec/gcc/aarch64-rockchip-linux-gnu/9.3.0/collect2 -plugin /home/xinyu/.Toolchain/gcc-buildroot-9.3.0-2020.03-x86_64_aarch64-rockchip-linux-gnu/bin/../libexec/gcc/aarch64-rockchip-linux-gnu/9.3.0/liblto_plugin.so -plugin-opt=/home/xinyu/.Toolchain/gcc-buildroot-9.3.0-2020.03-x86_64_aarch64-rockchip-linux-gnu/bin/../libexec/gcc/aarch64-rockchip-linux-gnu/9.3.0/lto-wrapper -plugin-opt=-fresolution=/tmp/cccNElvk.res -plugin-opt=-pass-through=-lgcc -plugin-opt=-pass-through=-lgcc_s -plugin-opt=-pass-through=-lc -plugin-opt=-pass-through=-lgcc -plugin-opt=-pass-through=-lgcc_s --sysroot=/home/xinyu/.Toolchain/gcc-buildroot-9.3.0-2020.03-x86_64_aarch64-rockchip-linux-gnu/aarch64-rockchip-linux-gnu/sysroot --eh-frame-hdr -export-dynamic -dynamic-linker /lib/ld-linux-aarch64.so.1 -X -EL -maarch64linux -o cmTC_a0e19 /home/xinyu/.Toolchain/gcc-buildroot-9.3.0-2020.03-x86_64_aarch64-rockchip-linux-gnu/aarch64-rockchip-linux-gnu/sysroot/usr/lib/../lib64/crt1.o /home/xinyu/.Toolchain/gcc-buildroot-9.3.0-2020.03-x86_64_aarch64-rockchip-linux-gnu/aarch64-rockchip-linux-gnu/sysroot/usr/lib/../lib64/crti.o /home/xinyu/.Toolchain/gcc-buildroot-9.3.0-2020.03-x86_64_aarch64-rockchip-linux-gnu/bin/../lib/gcc/aarch64-rockchip-linux-gnu/9.3.0/crtbegin.o -L/home/xinyu/.Toolchain/gcc-buildroot-9.3.0-2020.03-x86_64_aarch64-rockchip-linux-gnu/bin/../lib/gcc/aarch64-rockchip-linux-gnu/9.3.0 -L/home/xinyu/.Toolchain/gcc-buildroot-9.3.0-2020.03-x86_64_aarch64-rockchip-linux-gnu/bin/../lib/gcc -L/home/xinyu/.Toolchain/gcc-buildroot-9.3.0-2020.03-x86_64_aarch64-rockchip-linux-gnu/aarch64-rockchip-linux-gnu/sysroot/lib/../lib64 -L/home/xinyu/.Toolchain/gcc-buildroot-9.3.0-2020.03-x86_64_aarch64-rockchip-linux-gnu/aarch64-rockchip-linux-gnu/sysroot/usr/lib/../lib64 -L/home/xinyu/.Toolchain/gcc-buildroot-9.3.0-2020.03-x86_64_aarch64-rockchip-linux-gnu/aarch64-rockchip-linux-gnu/sysroot/lib -L/home/xinyu/.Toolchain/gcc-buildroot-9.3.0-2020.03-x86_64_aarch64-rockchip-linux-gnu/aarch64-rockchip-linux-gnu/sysroot/usr/lib CMakeFiles/cmTC_a0e19.dir/CMakeCCompilerABI.c.o -lgcc --push-state --as-needed -lgcc_s --pop-state -lc -lgcc --push-state --as-needed -lgcc_s --pop-state /home/xinyu/.Toolchain/gcc-buildroot-9.3.0-2020.03-x86_64_aarch64-rockchip-linux-gnu/bin/../lib/gcc/aarch64-rockchip-linux-gnu/9.3.0/crtend.o /home/xinyu/.Toolchain/gcc-buildroot-9.3.0-2020.03-x86_64_aarch64-rockchip-linux-gnu/aarch64-rockchip-linux-gnu/sysroot/usr/lib/../lib64/crtn.o]
    arg [/home/xinyu/.Toolchain/gcc-buildroot-9.3.0-2020.03-x86_64_aarch64-rockchip-linux-gnu/bin/../libexec/gcc/aarch64-rockchip-linux-gnu/9.3.0/collect2] ==> ignore
    arg [-plugin] ==> ignore
    arg [/home/xinyu/.Toolchain/gcc-buildroot-9.3.0-2020.03-x86_64_aarch64-rockchip-linux-gnu/bin/../libexec/gcc/aarch64-rockchip-linux-gnu/9.3.0/liblto_plugin.so] ==> ignore
    arg [-plugin-opt=/home/xinyu/.Toolchain/gcc-buildroot-9.3.0-2020.03-x86_64_aarch64-rockchip-linux-gnu/bin/../libexec/gcc/aarch64-rockchip-linux-gnu/9.3.0/lto-wrapper] ==> ignore
    arg [-plugin-opt=-fresolution=/tmp/cccNElvk.res] ==> ignore
    arg [-plugin-opt=-pass-through=-lgcc] ==> ignore
    arg [-plugin-opt=-pass-through=-lgcc_s] ==> ignore
    arg [-plugin-opt=-pass-through=-lc] ==> ignore
    arg [-plugin-opt=-pass-through=-lgcc] ==> ignore
    arg [-plugin-opt=-pass-through=-lgcc_s] ==> ignore
    arg [--sysroot=/home/xinyu/.Toolchain/gcc-buildroot-9.3.0-2020.03-x86_64_aarch64-rockchip-linux-gnu/aarch64-rockchip-linux-gnu/sysroot] ==> ignore
    arg [--eh-frame-hdr] ==> ignore
    arg [-export-dynamic] ==> ignore
    arg [-dynamic-linker] ==> ignore
    arg [/lib/ld-linux-aarch64.so.1] ==> ignore
    arg [-X] ==> ignore
    arg [-EL] ==> ignore
    arg [-maarch64linux] ==> ignore
    arg [-o] ==> ignore
    arg [cmTC_a0e19] ==> ignore
    arg [/home/xinyu/.Toolchain/gcc-buildroot-9.3.0-2020.03-x86_64_aarch64-rockchip-linux-gnu/aarch64-rockchip-linux-gnu/sysroot/usr/lib/../lib64/crt1.o] ==> ignore
    arg [/home/xinyu/.Toolchain/gcc-buildroot-9.3.0-2020.03-x86_64_aarch64-rockchip-linux-gnu/aarch64-rockchip-linux-gnu/sysroot/usr/lib/../lib64/crti.o] ==> ignore
    arg [/home/xinyu/.Toolchain/gcc-buildroot-9.3.0-2020.03-x86_64_aarch64-rockchip-linux-gnu/bin/../lib/gcc/aarch64-rockchip-linux-gnu/9.3.0/crtbegin.o] ==> ignore
    arg [-L/home/xinyu/.Toolchain/gcc-buildroot-9.3.0-2020.03-x86_64_aarch64-rockchip-linux-gnu/bin/../lib/gcc/aarch64-rockchip-linux-gnu/9.3.0] ==> dir [/home/xinyu/.Toolchain/gcc-buildroot-9.3.0-2020.03-x86_64_aarch64-rockchip-linux-gnu/bin/../lib/gcc/aarch64-rockchip-linux-gnu/9.3.0]
    arg [-L/home/xinyu/.Toolchain/gcc-buildroot-9.3.0-2020.03-x86_64_aarch64-rockchip-linux-gnu/bin/../lib/gcc] ==> dir [/home/xinyu/.Toolchain/gcc-buildroot-9.3.0-2020.03-x86_64_aarch64-rockchip-linux-gnu/bin/../lib/gcc]
    arg [-L/home/xinyu/.Toolchain/gcc-buildroot-9.3.0-2020.03-x86_64_aarch64-rockchip-linux-gnu/aarch64-rockchip-linux-gnu/sysroot/lib/../lib64] ==> dir [/home/xinyu/.Toolchain/gcc-buildroot-9.3.0-2020.03-x86_64_aarch64-rockchip-linux-gnu/aarch64-rockchip-linux-gnu/sysroot/lib/../lib64]
    arg [-L/home/xinyu/.Toolchain/gcc-buildroot-9.3.0-2020.03-x86_64_aarch64-rockchip-linux-gnu/aarch64-rockchip-linux-gnu/sysroot/usr/lib/../lib64] ==> dir [/home/xinyu/.Toolchain/gcc-buildroot-9.3.0-2020.03-x86_64_aarch64-rockchip-linux-gnu/aarch64-rockchip-linux-gnu/sysroot/usr/lib/../lib64]
    arg [-L/home/xinyu/.Toolchain/gcc-buildroot-9.3.0-2020.03-x86_64_aarch64-rockchip-linux-gnu/aarch64-rockchip-linux-gnu/sysroot/lib] ==> dir [/home/xinyu/.Toolchain/gcc-buildroot-9.3.0-2020.03-x86_64_aarch64-rockchip-linux-gnu/aarch64-rockchip-linux-gnu/sysroot/lib]
    arg [-L/home/xinyu/.Toolchain/gcc-buildroot-9.3.0-2020.03-x86_64_aarch64-rockchip-linux-gnu/aarch64-rockchip-linux-gnu/sysroot/usr/lib] ==> dir [/home/xinyu/.Toolchain/gcc-buildroot-9.3.0-2020.03-x86_64_aarch64-rockchip-linux-gnu/aarch64-rockchip-linux-gnu/sysroot/usr/lib]
    arg [CMakeFiles/cmTC_a0e19.dir/CMakeCCompilerABI.c.o] ==> ignore
    arg [-lgcc] ==> lib [gcc]
    arg [--push-state] ==> ignore
    arg [--as-needed] ==> ignore
    arg [-lgcc_s] ==> lib [gcc_s]
    arg [--pop-state] ==> ignore
    arg [-lc] ==> lib [c]
    arg [-lgcc] ==> lib [gcc]
    arg [--push-state] ==> ignore
    arg [--as-needed] ==> ignore
    arg [-lgcc_s] ==> lib [gcc_s]
    arg [--pop-state] ==> ignore
    arg [/home/xinyu/.Toolchain/gcc-buildroot-9.3.0-2020.03-x86_64_aarch64-rockchip-linux-gnu/bin/../lib/gcc/aarch64-rockchip-linux-gnu/9.3.0/crtend.o] ==> ignore
    arg [/home/xinyu/.Toolchain/gcc-buildroot-9.3.0-2020.03-x86_64_aarch64-rockchip-linux-gnu/aarch64-rockchip-linux-gnu/sysroot/usr/lib/../lib64/crtn.o] ==> ignore
  collapse library dir [/home/xinyu/.Toolchain/gcc-buildroot-9.3.0-2020.03-x86_64_aarch64-rockchip-linux-gnu/bin/../lib/gcc/aarch64-rockchip-linux-gnu/9.3.0] ==> [/home/xinyu/.Toolchain/gcc-buildroot-9.3.0-2020.03-x86_64_aarch64-rockchip-linux-gnu/lib/gcc/aarch64-rockchip-linux-gnu/9.3.0]
  collapse library dir [/home/xinyu/.Toolchain/gcc-buildroot-9.3.0-2020.03-x86_64_aarch64-rockchip-linux-gnu/bin/../lib/gcc] ==> [/home/xinyu/.Toolchain/gcc-buildroot-9.3.0-2020.03-x86_64_aarch64-rockchip-linux-gnu/lib/gcc]
  collapse library dir [/home/xinyu/.Toolchain/gcc-buildroot-9.3.0-2020.03-x86_64_aarch64-rockchip-linux-gnu/aarch64-rockchip-linux-gnu/sysroot/lib/../lib64] ==> [/home/xinyu/.Toolchain/gcc-buildroot-9.3.0-2020.03-x86_64_aarch64-rockchip-linux-gnu/aarch64-rockchip-linux-gnu/sysroot/lib64]
  collapse library dir [/home/xinyu/.Toolchain/gcc-buildroot-9.3.0-2020.03-x86_64_aarch64-rockchip-linux-gnu/aarch64-rockchip-linux-gnu/sysroot/usr/lib/../lib64] ==> [/home/xinyu/.Toolchain/gcc-buildroot-9.3.0-2020.03-x86_64_aarch64-rockchip-linux-gnu/aarch64-rockchip-linux-gnu/sysroot/usr/lib64]
  collapse library dir [/home/xinyu/.Toolchain/gcc-buildroot-9.3.0-2020.03-x86_64_aarch64-rockchip-linux-gnu/aarch64-rockchip-linux-gnu/sysroot/lib] ==> [/home/xinyu/.Toolchain/gcc-buildroot-9.3.0-2020.03-x86_64_aarch64-rockchip-linux-gnu/aarch64-rockchip-linux-gnu/sysroot/lib]
  collapse library dir [/home/xinyu/.Toolchain/gcc-buildroot-9.3.0-2020.03-x86_64_aarch64-rockchip-linux-gnu/aarch64-rockchip-linux-gnu/sysroot/usr/lib] ==> [/home/xinyu/.Toolchain/gcc-buildroot-9.3.0-2020.03-x86_64_aarch64-rockchip-linux-gnu/aarch64-rockchip-linux-gnu/sysroot/usr/lib]
  implicit libs: [gcc;gcc_s;c;gcc;gcc_s]
  implicit dirs: [/home/xinyu/.Toolchain/gcc-buildroot-9.3.0-2020.03-x86_64_aarch64-rockchip-linux-gnu/lib/gcc/aarch64-rockchip-linux-gnu/9.3.0;/home/xinyu/.Toolchain/gcc-buildroot-9.3.0-2020.03-x86_64_aarch64-rockchip-linux-gnu/lib/gcc;/home/xinyu/.Toolchain/gcc-buildroot-9.3.0-2020.03-x86_64_aarch64-rockchip-linux-gnu/aarch64-rockchip-linux-gnu/sysroot/lib64;/home/xinyu/.Toolchain/gcc-buildroot-9.3.0-2020.03-x86_64_aarch64-rockchip-linux-gnu/aarch64-rockchip-linux-gnu/sysroot/usr/lib64;/home/xinyu/.Toolchain/gcc-buildroot-9.3.0-2020.03-x86_64_aarch64-rockchip-linux-gnu/aarch64-rockchip-linux-gnu/sysroot/lib;/home/xinyu/.Toolchain/gcc-buildroot-9.3.0-2020.03-x86_64_aarch64-rockchip-linux-gnu/aarch64-rockchip-linux-gnu/sysroot/usr/lib]
  implicit fwks: []




Detecting C [-std=c11] compiler features compiled with the following output:
Change Dir: /home/xinyu/workspace/360/shunYu-TOFRGBD/camera_lcm_demo_SY/build/CMakeFiles/CMakeTmp

Run Build Command:"/usr/bin/make" "cmTC_3008f/fast"
/usr/bin/make -f CMakeFiles/cmTC_3008f.dir/build.make CMakeFiles/cmTC_3008f.dir/build
make[1]: 进入目录“/home/xinyu/workspace/360/shunYu-TOFRGBD/camera_lcm_demo_SY/build/CMakeFiles/CMakeTmp”
Building C object CMakeFiles/cmTC_3008f.dir/feature_tests.c.o
/home/xinyu/.Toolchain/gcc-buildroot-9.3.0-2020.03-x86_64_aarch64-rockchip-linux-gnu/bin/aarch64-rockchip-linux-gnu-gcc -DUSER=\"xinyu\"  -std=c11 -o CMakeFiles/cmTC_3008f.dir/feature_tests.c.o   -c /home/xinyu/workspace/360/shunYu-TOFRGBD/camera_lcm_demo_SY/build/CMakeFiles/feature_tests.c
Linking C executable cmTC_3008f
/usr/bin/cmake -E cmake_link_script CMakeFiles/cmTC_3008f.dir/link.txt --verbose=1
/home/xinyu/.Toolchain/gcc-buildroot-9.3.0-2020.03-x86_64_aarch64-rockchip-linux-gnu/bin/aarch64-rockchip-linux-gnu-gcc      -rdynamic CMakeFiles/cmTC_3008f.dir/feature_tests.c.o  -o cmTC_3008f 
make[1]: 离开目录“/home/xinyu/workspace/360/shunYu-TOFRGBD/camera_lcm_demo_SY/build/CMakeFiles/CMakeTmp”


    Feature record: C_FEATURE:1c_function_prototypes
    Feature record: C_FEATURE:1c_restrict
    Feature record: C_FEATURE:1c_static_assert
    Feature record: C_FEATURE:1c_variadic_macros


Detecting C [-std=c99] compiler features compiled with the following output:
Change Dir: /home/xinyu/workspace/360/shunYu-TOFRGBD/camera_lcm_demo_SY/build/CMakeFiles/CMakeTmp

Run Build Command:"/usr/bin/make" "cmTC_74993/fast"
/usr/bin/make -f CMakeFiles/cmTC_74993.dir/build.make CMakeFiles/cmTC_74993.dir/build
make[1]: 进入目录“/home/xinyu/workspace/360/shunYu-TOFRGBD/camera_lcm_demo_SY/build/CMakeFiles/CMakeTmp”
Building C object CMakeFiles/cmTC_74993.dir/feature_tests.c.o
/home/xinyu/.Toolchain/gcc-buildroot-9.3.0-2020.03-x86_64_aarch64-rockchip-linux-gnu/bin/aarch64-rockchip-linux-gnu-gcc -DUSER=\"xinyu\"  -std=c99 -o CMakeFiles/cmTC_74993.dir/feature_tests.c.o   -c /home/xinyu/workspace/360/shunYu-TOFRGBD/camera_lcm_demo_SY/build/CMakeFiles/feature_tests.c
Linking C executable cmTC_74993
/usr/bin/cmake -E cmake_link_script CMakeFiles/cmTC_74993.dir/link.txt --verbose=1
/home/xinyu/.Toolchain/gcc-buildroot-9.3.0-2020.03-x86_64_aarch64-rockchip-linux-gnu/bin/aarch64-rockchip-linux-gnu-gcc      -rdynamic CMakeFiles/cmTC_74993.dir/feature_tests.c.o  -o cmTC_74993 
make[1]: 离开目录“/home/xinyu/workspace/360/shunYu-TOFRGBD/camera_lcm_demo_SY/build/CMakeFiles/CMakeTmp”


    Feature record: C_FEATURE:1c_function_prototypes
    Feature record: C_FEATURE:1c_restrict
    Feature record: C_FEATURE:0c_static_assert
    Feature record: C_FEATURE:1c_variadic_macros


Detecting C [-std=c90] compiler features compiled with the following output:
Change Dir: /home/xinyu/workspace/360/shunYu-TOFRGBD/camera_lcm_demo_SY/build/CMakeFiles/CMakeTmp

Run Build Command:"/usr/bin/make" "cmTC_25280/fast"
/usr/bin/make -f CMakeFiles/cmTC_25280.dir/build.make CMakeFiles/cmTC_25280.dir/build
make[1]: 进入目录“/home/xinyu/workspace/360/shunYu-TOFRGBD/camera_lcm_demo_SY/build/CMakeFiles/CMakeTmp”
Building C object CMakeFiles/cmTC_25280.dir/feature_tests.c.o
/home/xinyu/.Toolchain/gcc-buildroot-9.3.0-2020.03-x86_64_aarch64-rockchip-linux-gnu/bin/aarch64-rockchip-linux-gnu-gcc -DUSER=\"xinyu\"  -std=c90 -o CMakeFiles/cmTC_25280.dir/feature_tests.c.o   -c /home/xinyu/workspace/360/shunYu-TOFRGBD/camera_lcm_demo_SY/build/CMakeFiles/feature_tests.c
Linking C executable cmTC_25280
/usr/bin/cmake -E cmake_link_script CMakeFiles/cmTC_25280.dir/link.txt --verbose=1
/home/xinyu/.Toolchain/gcc-buildroot-9.3.0-2020.03-x86_64_aarch64-rockchip-linux-gnu/bin/aarch64-rockchip-linux-gnu-gcc      -rdynamic CMakeFiles/cmTC_25280.dir/feature_tests.c.o  -o cmTC_25280 
make[1]: 离开目录“/home/xinyu/workspace/360/shunYu-TOFRGBD/camera_lcm_demo_SY/build/CMakeFiles/CMakeTmp”


    Feature record: C_FEATURE:1c_function_prototypes
    Feature record: C_FEATURE:0c_restrict
    Feature record: C_FEATURE:0c_static_assert
    Feature record: C_FEATURE:0c_variadic_macros
Determining if the CXX compiler works passed with the following output:
Change Dir: /home/xinyu/workspace/360/shunYu-TOFRGBD/camera_lcm_demo_SY/build/CMakeFiles/CMakeTmp

Run Build Command:"/usr/bin/make" "cmTC_863e9/fast"
/usr/bin/make -f CMakeFiles/cmTC_863e9.dir/build.make CMakeFiles/cmTC_863e9.dir/build
make[1]: 进入目录“/home/xinyu/workspace/360/shunYu-TOFRGBD/camera_lcm_demo_SY/build/CMakeFiles/CMakeTmp”
Building CXX object CMakeFiles/cmTC_863e9.dir/testCXXCompiler.cxx.o
/home/xinyu/.Toolchain/gcc-buildroot-9.3.0-2020.03-x86_64_aarch64-rockchip-linux-gnu/bin/aarch64-rockchip-linux-gnu-g++  -DUSER=\"xinyu\"   -o CMakeFiles/cmTC_863e9.dir/testCXXCompiler.cxx.o -c /home/xinyu/workspace/360/shunYu-TOFRGBD/camera_lcm_demo_SY/build/CMakeFiles/CMakeTmp/testCXXCompiler.cxx
Linking CXX executable cmTC_863e9
/usr/bin/cmake -E cmake_link_script CMakeFiles/cmTC_863e9.dir/link.txt --verbose=1
/home/xinyu/.Toolchain/gcc-buildroot-9.3.0-2020.03-x86_64_aarch64-rockchip-linux-gnu/bin/aarch64-rockchip-linux-gnu-g++       -rdynamic CMakeFiles/cmTC_863e9.dir/testCXXCompiler.cxx.o  -o cmTC_863e9 
make[1]: 离开目录“/home/xinyu/workspace/360/shunYu-TOFRGBD/camera_lcm_demo_SY/build/CMakeFiles/CMakeTmp”


Detecting CXX compiler ABI info compiled with the following output:
Change Dir: /home/xinyu/workspace/360/shunYu-TOFRGBD/camera_lcm_demo_SY/build/CMakeFiles/CMakeTmp

Run Build Command:"/usr/bin/make" "cmTC_f169e/fast"
/usr/bin/make -f CMakeFiles/cmTC_f169e.dir/build.make CMakeFiles/cmTC_f169e.dir/build
make[1]: 进入目录“/home/xinyu/workspace/360/shunYu-TOFRGBD/camera_lcm_demo_SY/build/CMakeFiles/CMakeTmp”
Building CXX object CMakeFiles/cmTC_f169e.dir/CMakeCXXCompilerABI.cpp.o
/home/xinyu/.Toolchain/gcc-buildroot-9.3.0-2020.03-x86_64_aarch64-rockchip-linux-gnu/bin/aarch64-rockchip-linux-gnu-g++  -DUSER=\"xinyu\"   -o CMakeFiles/cmTC_f169e.dir/CMakeCXXCompilerABI.cpp.o -c /usr/share/cmake-3.10/Modules/CMakeCXXCompilerABI.cpp
Linking CXX executable cmTC_f169e
/usr/bin/cmake -E cmake_link_script CMakeFiles/cmTC_f169e.dir/link.txt --verbose=1
/home/xinyu/.Toolchain/gcc-buildroot-9.3.0-2020.03-x86_64_aarch64-rockchip-linux-gnu/bin/aarch64-rockchip-linux-gnu-g++      -v -rdynamic CMakeFiles/cmTC_f169e.dir/CMakeCXXCompilerABI.cpp.o  -o cmTC_f169e 
使用内建 specs。
COLLECT_GCC=/home/xinyu/.Toolchain/gcc-buildroot-9.3.0-2020.03-x86_64_aarch64-rockchip-linux-gnu/bin/aarch64-rockchip-linux-gnu-g++.br_real
COLLECT_LTO_WRAPPER=/home/xinyu/.Toolchain/gcc-buildroot-9.3.0-2020.03-x86_64_aarch64-rockchip-linux-gnu/bin/../libexec/gcc/aarch64-rockchip-linux-gnu/9.3.0/lto-wrapper
目标：aarch64-rockchip-linux-gnu
配置为：./configure --prefix=/home/yhx/RK356X/SDK/buildroot/output/rockchip_toolchain/host --sysconfdir=/home/yhx/RK356X/SDK/buildroot/output/rockchip_toolchain/host/etc --enable-static --target=aarch64-rockchip-linux-gnu --with-sysroot=/home/yhx/RK356X/SDK/buildroot/output/rockchip_toolchain/host/aarch64-rockchip-linux-gnu/sysroot --enable-__cxa_atexit --with-gnu-ld --disable-libssp --disable-multilib --disable-decimal-float --with-gmp=/home/yhx/RK356X/SDK/buildroot/output/rockchip_toolchain/host --with-mpc=/home/yhx/RK356X/SDK/buildroot/output/rockchip_toolchain/host --with-mpfr=/home/yhx/RK356X/SDK/buildroot/output/rockchip_toolchain/host --with-pkgversion='Buildroot 2018.02-rc3-g548dfbfc13-dirty' --with-bugurl=http://bugs.buildroot.net/ --disable-libquadmath --enable-tls --enable-plugins --enable-lto --enable-threads --with-isl=/home/yhx/RK356X/SDK/buildroot/output/rockchip_toolchain/host --with-abi=lp64 --with-cpu=cortex-a55 --enable-languages=c,c++ --with-build-time-tools=/home/yhx/RK356X/SDK/buildroot/output/rockchip_toolchain/host/aarch64-rockchip-linux-gnu/bin --enable-shared --enable-libgomp
线程模型：posix
gcc 版本 9.3.0 (Buildroot 2018.02-rc3-g548dfbfc13-dirty) 
COMPILER_PATH=/home/xinyu/.Toolchain/gcc-buildroot-9.3.0-2020.03-x86_64_aarch64-rockchip-linux-gnu/bin/../libexec/gcc/aarch64-rockchip-linux-gnu/9.3.0/:/home/xinyu/.Toolchain/gcc-buildroot-9.3.0-2020.03-x86_64_aarch64-rockchip-linux-gnu/bin/../libexec/gcc/:/home/xinyu/.Toolchain/gcc-buildroot-9.3.0-2020.03-x86_64_aarch64-rockchip-linux-gnu/bin/../lib/gcc/aarch64-rockchip-linux-gnu/9.3.0/../../../../aarch64-rockchip-linux-gnu/bin/
LIBRARY_PATH=/home/xinyu/.Toolchain/gcc-buildroot-9.3.0-2020.03-x86_64_aarch64-rockchip-linux-gnu/bin/../lib/gcc/aarch64-rockchip-linux-gnu/9.3.0/:/home/xinyu/.Toolchain/gcc-buildroot-9.3.0-2020.03-x86_64_aarch64-rockchip-linux-gnu/bin/../lib/gcc/:/home/xinyu/.Toolchain/gcc-buildroot-9.3.0-2020.03-x86_64_aarch64-rockchip-linux-gnu/aarch64-rockchip-linux-gnu/sysroot/lib/../lib64/:/home/xinyu/.Toolchain/gcc-buildroot-9.3.0-2020.03-x86_64_aarch64-rockchip-linux-gnu/aarch64-rockchip-linux-gnu/sysroot/usr/lib/../lib64/:/home/xinyu/.Toolchain/gcc-buildroot-9.3.0-2020.03-x86_64_aarch64-rockchip-linux-gnu/aarch64-rockchip-linux-gnu/sysroot/lib/:/home/xinyu/.Toolchain/gcc-buildroot-9.3.0-2020.03-x86_64_aarch64-rockchip-linux-gnu/aarch64-rockchip-linux-gnu/sysroot/usr/lib/
COLLECT_GCC_OPTIONS='-v' '-rdynamic' '-o' 'cmTC_f169e' '-shared-libgcc' '-mcpu=cortex-a55' '-mlittle-endian' '-mabi=lp64'
 /home/xinyu/.Toolchain/gcc-buildroot-9.3.0-2020.03-x86_64_aarch64-rockchip-linux-gnu/bin/../libexec/gcc/aarch64-rockchip-linux-gnu/9.3.0/collect2 -plugin /home/xinyu/.Toolchain/gcc-buildroot-9.3.0-2020.03-x86_64_aarch64-rockchip-linux-gnu/bin/../libexec/gcc/aarch64-rockchip-linux-gnu/9.3.0/liblto_plugin.so -plugin-opt=/home/xinyu/.Toolchain/gcc-buildroot-9.3.0-2020.03-x86_64_aarch64-rockchip-linux-gnu/bin/../libexec/gcc/aarch64-rockchip-linux-gnu/9.3.0/lto-wrapper -plugin-opt=-fresolution=/tmp/ccwGewmv.res -plugin-opt=-pass-through=-lgcc_s -plugin-opt=-pass-through=-lgcc -plugin-opt=-pass-through=-lc -plugin-opt=-pass-through=-lgcc_s -plugin-opt=-pass-through=-lgcc --sysroot=/home/xinyu/.Toolchain/gcc-buildroot-9.3.0-2020.03-x86_64_aarch64-rockchip-linux-gnu/aarch64-rockchip-linux-gnu/sysroot --eh-frame-hdr -export-dynamic -dynamic-linker /lib/ld-linux-aarch64.so.1 -X -EL -maarch64linux -o cmTC_f169e /home/xinyu/.Toolchain/gcc-buildroot-9.3.0-2020.03-x86_64_aarch64-rockchip-linux-gnu/aarch64-rockchip-linux-gnu/sysroot/usr/lib/../lib64/crt1.o /home/xinyu/.Toolchain/gcc-buildroot-9.3.0-2020.03-x86_64_aarch64-rockchip-linux-gnu/aarch64-rockchip-linux-gnu/sysroot/usr/lib/../lib64/crti.o /home/xinyu/.Toolchain/gcc-buildroot-9.3.0-2020.03-x86_64_aarch64-rockchip-linux-gnu/bin/../lib/gcc/aarch64-rockchip-linux-gnu/9.3.0/crtbegin.o -L/home/xinyu/.Toolchain/gcc-buildroot-9.3.0-2020.03-x86_64_aarch64-rockchip-linux-gnu/bin/../lib/gcc/aarch64-rockchip-linux-gnu/9.3.0 -L/home/xinyu/.Toolchain/gcc-buildroot-9.3.0-2020.03-x86_64_aarch64-rockchip-linux-gnu/bin/../lib/gcc -L/home/xinyu/.Toolchain/gcc-buildroot-9.3.0-2020.03-x86_64_aarch64-rockchip-linux-gnu/aarch64-rockchip-linux-gnu/sysroot/lib/../lib64 -L/home/xinyu/.Toolchain/gcc-buildroot-9.3.0-2020.03-x86_64_aarch64-rockchip-linux-gnu/aarch64-rockchip-linux-gnu/sysroot/usr/lib/../lib64 -L/home/xinyu/.Toolchain/gcc-buildroot-9.3.0-2020.03-x86_64_aarch64-rockchip-linux-gnu/aarch64-rockchip-linux-gnu/sysroot/lib -L/home/xinyu/.Toolchain/gcc-buildroot-9.3.0-2020.03-x86_64_aarch64-rockchip-linux-gnu/aarch64-rockchip-linux-gnu/sysroot/usr/lib CMakeFiles/cmTC_f169e.dir/CMakeCXXCompilerABI.cpp.o -lstdc++ -lm -lgcc_s -lgcc -lc -lgcc_s -lgcc /home/xinyu/.Toolchain/gcc-buildroot-9.3.0-2020.03-x86_64_aarch64-rockchip-linux-gnu/bin/../lib/gcc/aarch64-rockchip-linux-gnu/9.3.0/crtend.o /home/xinyu/.Toolchain/gcc-buildroot-9.3.0-2020.03-x86_64_aarch64-rockchip-linux-gnu/aarch64-rockchip-linux-gnu/sysroot/usr/lib/../lib64/crtn.o
COLLECT_GCC_OPTIONS='-v' '-rdynamic' '-o' 'cmTC_f169e' '-shared-libgcc' '-mcpu=cortex-a55' '-mlittle-endian' '-mabi=lp64'
make[1]: 离开目录“/home/xinyu/workspace/360/shunYu-TOFRGBD/camera_lcm_demo_SY/build/CMakeFiles/CMakeTmp”


Parsed CXX implicit link information from above output:
  link line regex: [^( *|.*[/\])(aarch64-rockchip-linux-gnu-ld|CMAKE_LINK_STARTFILE-NOTFOUND|([^/\]+-)?ld|collect2)[^/\]*( |$)]
  ignore line: [Change Dir: /home/xinyu/workspace/360/shunYu-TOFRGBD/camera_lcm_demo_SY/build/CMakeFiles/CMakeTmp]
  ignore line: []
  ignore line: [Run Build Command:"/usr/bin/make" "cmTC_f169e/fast"]
  ignore line: [/usr/bin/make -f CMakeFiles/cmTC_f169e.dir/build.make CMakeFiles/cmTC_f169e.dir/build]
  ignore line: [make[1]: 进入目录“/home/xinyu/workspace/360/shunYu-TOFRGBD/camera_lcm_demo_SY/build/CMakeFiles/CMakeTmp”]
  ignore line: [Building CXX object CMakeFiles/cmTC_f169e.dir/CMakeCXXCompilerABI.cpp.o]
  ignore line: [/home/xinyu/.Toolchain/gcc-buildroot-9.3.0-2020.03-x86_64_aarch64-rockchip-linux-gnu/bin/aarch64-rockchip-linux-gnu-g++  -DUSER=\"xinyu\"   -o CMakeFiles/cmTC_f169e.dir/CMakeCXXCompilerABI.cpp.o -c /usr/share/cmake-3.10/Modules/CMakeCXXCompilerABI.cpp]
  ignore line: [Linking CXX executable cmTC_f169e]
  ignore line: [/usr/bin/cmake -E cmake_link_script CMakeFiles/cmTC_f169e.dir/link.txt --verbose=1]
  ignore line: [/home/xinyu/.Toolchain/gcc-buildroot-9.3.0-2020.03-x86_64_aarch64-rockchip-linux-gnu/bin/aarch64-rockchip-linux-gnu-g++      -v -rdynamic CMakeFiles/cmTC_f169e.dir/CMakeCXXCompilerABI.cpp.o  -o cmTC_f169e ]
  ignore line: [使用内建 specs。]
  ignore line: [COLLECT_GCC=/home/xinyu/.Toolchain/gcc-buildroot-9.3.0-2020.03-x86_64_aarch64-rockchip-linux-gnu/bin/aarch64-rockchip-linux-gnu-g++.br_real]
  ignore line: [COLLECT_LTO_WRAPPER=/home/xinyu/.Toolchain/gcc-buildroot-9.3.0-2020.03-x86_64_aarch64-rockchip-linux-gnu/bin/../libexec/gcc/aarch64-rockchip-linux-gnu/9.3.0/lto-wrapper]
  ignore line: [目标：aarch64-rockchip-linux-gnu]
  ignore line: [配置为：./configure --prefix=/home/yhx/RK356X/SDK/buildroot/output/rockchip_toolchain/host --sysconfdir=/home/yhx/RK356X/SDK/buildroot/output/rockchip_toolchain/host/etc --enable-static --target=aarch64-rockchip-linux-gnu --with-sysroot=/home/yhx/RK356X/SDK/buildroot/output/rockchip_toolchain/host/aarch64-rockchip-linux-gnu/sysroot --enable-__cxa_atexit --with-gnu-ld --disable-libssp --disable-multilib --disable-decimal-float --with-gmp=/home/yhx/RK356X/SDK/buildroot/output/rockchip_toolchain/host --with-mpc=/home/yhx/RK356X/SDK/buildroot/output/rockchip_toolchain/host --with-mpfr=/home/yhx/RK356X/SDK/buildroot/output/rockchip_toolchain/host --with-pkgversion='Buildroot 2018.02-rc3-g548dfbfc13-dirty' --with-bugurl=http://bugs.buildroot.net/ --disable-libquadmath --enable-tls --enable-plugins --enable-lto --enable-threads --with-isl=/home/yhx/RK356X/SDK/buildroot/output/rockchip_toolchain/host --with-abi=lp64 --with-cpu=cortex-a55 --enable-languages=c,c++ --with-build-time-tools=/home/yhx/RK356X/SDK/buildroot/output/rockchip_toolchain/host/aarch64-rockchip-linux-gnu/bin --enable-shared --enable-libgomp]
  ignore line: [线程模型：posix]
  ignore line: [gcc 版本 9.3.0 (Buildroot 2018.02-rc3-g548dfbfc13-dirty) ]
  ignore line: [COMPILER_PATH=/home/xinyu/.Toolchain/gcc-buildroot-9.3.0-2020.03-x86_64_aarch64-rockchip-linux-gnu/bin/../libexec/gcc/aarch64-rockchip-linux-gnu/9.3.0/:/home/xinyu/.Toolchain/gcc-buildroot-9.3.0-2020.03-x86_64_aarch64-rockchip-linux-gnu/bin/../libexec/gcc/:/home/xinyu/.Toolchain/gcc-buildroot-9.3.0-2020.03-x86_64_aarch64-rockchip-linux-gnu/bin/../lib/gcc/aarch64-rockchip-linux-gnu/9.3.0/../../../../aarch64-rockchip-linux-gnu/bin/]
  ignore line: [LIBRARY_PATH=/home/xinyu/.Toolchain/gcc-buildroot-9.3.0-2020.03-x86_64_aarch64-rockchip-linux-gnu/bin/../lib/gcc/aarch64-rockchip-linux-gnu/9.3.0/:/home/xinyu/.Toolchain/gcc-buildroot-9.3.0-2020.03-x86_64_aarch64-rockchip-linux-gnu/bin/../lib/gcc/:/home/xinyu/.Toolchain/gcc-buildroot-9.3.0-2020.03-x86_64_aarch64-rockchip-linux-gnu/aarch64-rockchip-linux-gnu/sysroot/lib/../lib64/:/home/xinyu/.Toolchain/gcc-buildroot-9.3.0-2020.03-x86_64_aarch64-rockchip-linux-gnu/aarch64-rockchip-linux-gnu/sysroot/usr/lib/../lib64/:/home/xinyu/.Toolchain/gcc-buildroot-9.3.0-2020.03-x86_64_aarch64-rockchip-linux-gnu/aarch64-rockchip-linux-gnu/sysroot/lib/:/home/xinyu/.Toolchain/gcc-buildroot-9.3.0-2020.03-x86_64_aarch64-rockchip-linux-gnu/aarch64-rockchip-linux-gnu/sysroot/usr/lib/]
  ignore line: [COLLECT_GCC_OPTIONS='-v' '-rdynamic' '-o' 'cmTC_f169e' '-shared-libgcc' '-mcpu=cortex-a55' '-mlittle-endian' '-mabi=lp64']
  link line: [ /home/xinyu/.Toolchain/gcc-buildroot-9.3.0-2020.03-x86_64_aarch64-rockchip-linux-gnu/bin/../libexec/gcc/aarch64-rockchip-linux-gnu/9.3.0/collect2 -plugin /home/xinyu/.Toolchain/gcc-buildroot-9.3.0-2020.03-x86_64_aarch64-rockchip-linux-gnu/bin/../libexec/gcc/aarch64-rockchip-linux-gnu/9.3.0/liblto_plugin.so -plugin-opt=/home/xinyu/.Toolchain/gcc-buildroot-9.3.0-2020.03-x86_64_aarch64-rockchip-linux-gnu/bin/../libexec/gcc/aarch64-rockchip-linux-gnu/9.3.0/lto-wrapper -plugin-opt=-fresolution=/tmp/ccwGewmv.res -plugin-opt=-pass-through=-lgcc_s -plugin-opt=-pass-through=-lgcc -plugin-opt=-pass-through=-lc -plugin-opt=-pass-through=-lgcc_s -plugin-opt=-pass-through=-lgcc --sysroot=/home/xinyu/.Toolchain/gcc-buildroot-9.3.0-2020.03-x86_64_aarch64-rockchip-linux-gnu/aarch64-rockchip-linux-gnu/sysroot --eh-frame-hdr -export-dynamic -dynamic-linker /lib/ld-linux-aarch64.so.1 -X -EL -maarch64linux -o cmTC_f169e /home/xinyu/.Toolchain/gcc-buildroot-9.3.0-2020.03-x86_64_aarch64-rockchip-linux-gnu/aarch64-rockchip-linux-gnu/sysroot/usr/lib/../lib64/crt1.o /home/xinyu/.Toolchain/gcc-buildroot-9.3.0-2020.03-x86_64_aarch64-rockchip-linux-gnu/aarch64-rockchip-linux-gnu/sysroot/usr/lib/../lib64/crti.o /home/xinyu/.Toolchain/gcc-buildroot-9.3.0-2020.03-x86_64_aarch64-rockchip-linux-gnu/bin/../lib/gcc/aarch64-rockchip-linux-gnu/9.3.0/crtbegin.o -L/home/xinyu/.Toolchain/gcc-buildroot-9.3.0-2020.03-x86_64_aarch64-rockchip-linux-gnu/bin/../lib/gcc/aarch64-rockchip-linux-gnu/9.3.0 -L/home/xinyu/.Toolchain/gcc-buildroot-9.3.0-2020.03-x86_64_aarch64-rockchip-linux-gnu/bin/../lib/gcc -L/home/xinyu/.Toolchain/gcc-buildroot-9.3.0-2020.03-x86_64_aarch64-rockchip-linux-gnu/aarch64-rockchip-linux-gnu/sysroot/lib/../lib64 -L/home/xinyu/.Toolchain/gcc-buildroot-9.3.0-2020.03-x86_64_aarch64-rockchip-linux-gnu/aarch64-rockchip-linux-gnu/sysroot/usr/lib/../lib64 -L/home/xinyu/.Toolchain/gcc-buildroot-9.3.0-2020.03-x86_64_aarch64-rockchip-linux-gnu/aarch64-rockchip-linux-gnu/sysroot/lib -L/home/xinyu/.Toolchain/gcc-buildroot-9.3.0-2020.03-x86_64_aarch64-rockchip-linux-gnu/aarch64-rockchip-linux-gnu/sysroot/usr/lib CMakeFiles/cmTC_f169e.dir/CMakeCXXCompilerABI.cpp.o -lstdc++ -lm -lgcc_s -lgcc -lc -lgcc_s -lgcc /home/xinyu/.Toolchain/gcc-buildroot-9.3.0-2020.03-x86_64_aarch64-rockchip-linux-gnu/bin/../lib/gcc/aarch64-rockchip-linux-gnu/9.3.0/crtend.o /home/xinyu/.Toolchain/gcc-buildroot-9.3.0-2020.03-x86_64_aarch64-rockchip-linux-gnu/aarch64-rockchip-linux-gnu/sysroot/usr/lib/../lib64/crtn.o]
    arg [/home/xinyu/.Toolchain/gcc-buildroot-9.3.0-2020.03-x86_64_aarch64-rockchip-linux-gnu/bin/../libexec/gcc/aarch64-rockchip-linux-gnu/9.3.0/collect2] ==> ignore
    arg [-plugin] ==> ignore
    arg [/home/xinyu/.Toolchain/gcc-buildroot-9.3.0-2020.03-x86_64_aarch64-rockchip-linux-gnu/bin/../libexec/gcc/aarch64-rockchip-linux-gnu/9.3.0/liblto_plugin.so] ==> ignore
    arg [-plugin-opt=/home/xinyu/.Toolchain/gcc-buildroot-9.3.0-2020.03-x86_64_aarch64-rockchip-linux-gnu/bin/../libexec/gcc/aarch64-rockchip-linux-gnu/9.3.0/lto-wrapper] ==> ignore
    arg [-plugin-opt=-fresolution=/tmp/ccwGewmv.res] ==> ignore
    arg [-plugin-opt=-pass-through=-lgcc_s] ==> ignore
    arg [-plugin-opt=-pass-through=-lgcc] ==> ignore
    arg [-plugin-opt=-pass-through=-lc] ==> ignore
    arg [-plugin-opt=-pass-through=-lgcc_s] ==> ignore
    arg [-plugin-opt=-pass-through=-lgcc] ==> ignore
    arg [--sysroot=/home/xinyu/.Toolchain/gcc-buildroot-9.3.0-2020.03-x86_64_aarch64-rockchip-linux-gnu/aarch64-rockchip-linux-gnu/sysroot] ==> ignore
    arg [--eh-frame-hdr] ==> ignore
    arg [-export-dynamic] ==> ignore
    arg [-dynamic-linker] ==> ignore
    arg [/lib/ld-linux-aarch64.so.1] ==> ignore
    arg [-X] ==> ignore
    arg [-EL] ==> ignore
    arg [-maarch64linux] ==> ignore
    arg [-o] ==> ignore
    arg [cmTC_f169e] ==> ignore
    arg [/home/xinyu/.Toolchain/gcc-buildroot-9.3.0-2020.03-x86_64_aarch64-rockchip-linux-gnu/aarch64-rockchip-linux-gnu/sysroot/usr/lib/../lib64/crt1.o] ==> ignore
    arg [/home/xinyu/.Toolchain/gcc-buildroot-9.3.0-2020.03-x86_64_aarch64-rockchip-linux-gnu/aarch64-rockchip-linux-gnu/sysroot/usr/lib/../lib64/crti.o] ==> ignore
    arg [/home/xinyu/.Toolchain/gcc-buildroot-9.3.0-2020.03-x86_64_aarch64-rockchip-linux-gnu/bin/../lib/gcc/aarch64-rockchip-linux-gnu/9.3.0/crtbegin.o] ==> ignore
    arg [-L/home/xinyu/.Toolchain/gcc-buildroot-9.3.0-2020.03-x86_64_aarch64-rockchip-linux-gnu/bin/../lib/gcc/aarch64-rockchip-linux-gnu/9.3.0] ==> dir [/home/xinyu/.Toolchain/gcc-buildroot-9.3.0-2020.03-x86_64_aarch64-rockchip-linux-gnu/bin/../lib/gcc/aarch64-rockchip-linux-gnu/9.3.0]
    arg [-L/home/xinyu/.Toolchain/gcc-buildroot-9.3.0-2020.03-x86_64_aarch64-rockchip-linux-gnu/bin/../lib/gcc] ==> dir [/home/xinyu/.Toolchain/gcc-buildroot-9.3.0-2020.03-x86_64_aarch64-rockchip-linux-gnu/bin/../lib/gcc]
    arg [-L/home/xinyu/.Toolchain/gcc-buildroot-9.3.0-2020.03-x86_64_aarch64-rockchip-linux-gnu/aarch64-rockchip-linux-gnu/sysroot/lib/../lib64] ==> dir [/home/xinyu/.Toolchain/gcc-buildroot-9.3.0-2020.03-x86_64_aarch64-rockchip-linux-gnu/aarch64-rockchip-linux-gnu/sysroot/lib/../lib64]
    arg [-L/home/xinyu/.Toolchain/gcc-buildroot-9.3.0-2020.03-x86_64_aarch64-rockchip-linux-gnu/aarch64-rockchip-linux-gnu/sysroot/usr/lib/../lib64] ==> dir [/home/xinyu/.Toolchain/gcc-buildroot-9.3.0-2020.03-x86_64_aarch64-rockchip-linux-gnu/aarch64-rockchip-linux-gnu/sysroot/usr/lib/../lib64]
    arg [-L/home/xinyu/.Toolchain/gcc-buildroot-9.3.0-2020.03-x86_64_aarch64-rockchip-linux-gnu/aarch64-rockchip-linux-gnu/sysroot/lib] ==> dir [/home/xinyu/.Toolchain/gcc-buildroot-9.3.0-2020.03-x86_64_aarch64-rockchip-linux-gnu/aarch64-rockchip-linux-gnu/sysroot/lib]
    arg [-L/home/xinyu/.Toolchain/gcc-buildroot-9.3.0-2020.03-x86_64_aarch64-rockchip-linux-gnu/aarch64-rockchip-linux-gnu/sysroot/usr/lib] ==> dir [/home/xinyu/.Toolchain/gcc-buildroot-9.3.0-2020.03-x86_64_aarch64-rockchip-linux-gnu/aarch64-rockchip-linux-gnu/sysroot/usr/lib]
    arg [CMakeFiles/cmTC_f169e.dir/CMakeCXXCompilerABI.cpp.o] ==> ignore
    arg [-lstdc++] ==> lib [stdc++]
    arg [-lm] ==> lib [m]
    arg [-lgcc_s] ==> lib [gcc_s]
    arg [-lgcc] ==> lib [gcc]
    arg [-lc] ==> lib [c]
    arg [-lgcc_s] ==> lib [gcc_s]
    arg [-lgcc] ==> lib [gcc]
    arg [/home/xinyu/.Toolchain/gcc-buildroot-9.3.0-2020.03-x86_64_aarch64-rockchip-linux-gnu/bin/../lib/gcc/aarch64-rockchip-linux-gnu/9.3.0/crtend.o] ==> ignore
    arg [/home/xinyu/.Toolchain/gcc-buildroot-9.3.0-2020.03-x86_64_aarch64-rockchip-linux-gnu/aarch64-rockchip-linux-gnu/sysroot/usr/lib/../lib64/crtn.o] ==> ignore
  collapse library dir [/home/xinyu/.Toolchain/gcc-buildroot-9.3.0-2020.03-x86_64_aarch64-rockchip-linux-gnu/bin/../lib/gcc/aarch64-rockchip-linux-gnu/9.3.0] ==> [/home/xinyu/.Toolchain/gcc-buildroot-9.3.0-2020.03-x86_64_aarch64-rockchip-linux-gnu/lib/gcc/aarch64-rockchip-linux-gnu/9.3.0]
  collapse library dir [/home/xinyu/.Toolchain/gcc-buildroot-9.3.0-2020.03-x86_64_aarch64-rockchip-linux-gnu/bin/../lib/gcc] ==> [/home/xinyu/.Toolchain/gcc-buildroot-9.3.0-2020.03-x86_64_aarch64-rockchip-linux-gnu/lib/gcc]
  collapse library dir [/home/xinyu/.Toolchain/gcc-buildroot-9.3.0-2020.03-x86_64_aarch64-rockchip-linux-gnu/aarch64-rockchip-linux-gnu/sysroot/lib/../lib64] ==> [/home/xinyu/.Toolchain/gcc-buildroot-9.3.0-2020.03-x86_64_aarch64-rockchip-linux-gnu/aarch64-rockchip-linux-gnu/sysroot/lib64]
  collapse library dir [/home/xinyu/.Toolchain/gcc-buildroot-9.3.0-2020.03-x86_64_aarch64-rockchip-linux-gnu/aarch64-rockchip-linux-gnu/sysroot/usr/lib/../lib64] ==> [/home/xinyu/.Toolchain/gcc-buildroot-9.3.0-2020.03-x86_64_aarch64-rockchip-linux-gnu/aarch64-rockchip-linux-gnu/sysroot/usr/lib64]
  collapse library dir [/home/xinyu/.Toolchain/gcc-buildroot-9.3.0-2020.03-x86_64_aarch64-rockchip-linux-gnu/aarch64-rockchip-linux-gnu/sysroot/lib] ==> [/home/xinyu/.Toolchain/gcc-buildroot-9.3.0-2020.03-x86_64_aarch64-rockchip-linux-gnu/aarch64-rockchip-linux-gnu/sysroot/lib]
  collapse library dir [/home/xinyu/.Toolchain/gcc-buildroot-9.3.0-2020.03-x86_64_aarch64-rockchip-linux-gnu/aarch64-rockchip-linux-gnu/sysroot/usr/lib] ==> [/home/xinyu/.Toolchain/gcc-buildroot-9.3.0-2020.03-x86_64_aarch64-rockchip-linux-gnu/aarch64-rockchip-linux-gnu/sysroot/usr/lib]
  implicit libs: [stdc++;m;gcc_s;gcc;c;gcc_s;gcc]
  implicit dirs: [/home/xinyu/.Toolchain/gcc-buildroot-9.3.0-2020.03-x86_64_aarch64-rockchip-linux-gnu/lib/gcc/aarch64-rockchip-linux-gnu/9.3.0;/home/xinyu/.Toolchain/gcc-buildroot-9.3.0-2020.03-x86_64_aarch64-rockchip-linux-gnu/lib/gcc;/home/xinyu/.Toolchain/gcc-buildroot-9.3.0-2020.03-x86_64_aarch64-rockchip-linux-gnu/aarch64-rockchip-linux-gnu/sysroot/lib64;/home/xinyu/.Toolchain/gcc-buildroot-9.3.0-2020.03-x86_64_aarch64-rockchip-linux-gnu/aarch64-rockchip-linux-gnu/sysroot/usr/lib64;/home/xinyu/.Toolchain/gcc-buildroot-9.3.0-2020.03-x86_64_aarch64-rockchip-linux-gnu/aarch64-rockchip-linux-gnu/sysroot/lib;/home/xinyu/.Toolchain/gcc-buildroot-9.3.0-2020.03-x86_64_aarch64-rockchip-linux-gnu/aarch64-rockchip-linux-gnu/sysroot/usr/lib]
  implicit fwks: []




Detecting CXX [-std=c++1z] compiler features compiled with the following output:
Change Dir: /home/xinyu/workspace/360/shunYu-TOFRGBD/camera_lcm_demo_SY/build/CMakeFiles/CMakeTmp

Run Build Command:"/usr/bin/make" "cmTC_4d506/fast"
/usr/bin/make -f CMakeFiles/cmTC_4d506.dir/build.make CMakeFiles/cmTC_4d506.dir/build
make[1]: 进入目录“/home/xinyu/workspace/360/shunYu-TOFRGBD/camera_lcm_demo_SY/build/CMakeFiles/CMakeTmp”
Building CXX object CMakeFiles/cmTC_4d506.dir/feature_tests.cxx.o
/home/xinyu/.Toolchain/gcc-buildroot-9.3.0-2020.03-x86_64_aarch64-rockchip-linux-gnu/bin/aarch64-rockchip-linux-gnu-g++  -DUSER=\"xinyu\"  -std=c++1z -o CMakeFiles/cmTC_4d506.dir/feature_tests.cxx.o -c /home/xinyu/workspace/360/shunYu-TOFRGBD/camera_lcm_demo_SY/build/CMakeFiles/feature_tests.cxx
Linking CXX executable cmTC_4d506
/usr/bin/cmake -E cmake_link_script CMakeFiles/cmTC_4d506.dir/link.txt --verbose=1
/home/xinyu/.Toolchain/gcc-buildroot-9.3.0-2020.03-x86_64_aarch64-rockchip-linux-gnu/bin/aarch64-rockchip-linux-gnu-g++       -rdynamic CMakeFiles/cmTC_4d506.dir/feature_tests.cxx.o  -o cmTC_4d506 
make[1]: 离开目录“/home/xinyu/workspace/360/shunYu-TOFRGBD/camera_lcm_demo_SY/build/CMakeFiles/CMakeTmp”


    Feature record: CXX_FEATURE:1cxx_aggregate_default_initializers
    Feature record: CXX_FEATURE:1cxx_alias_templates
    Feature record: CXX_FEATURE:1cxx_alignas
    Feature record: CXX_FEATURE:1cxx_alignof
    Feature record: CXX_FEATURE:1cxx_attributes
    Feature record: CXX_FEATURE:1cxx_attribute_deprecated
    Feature record: CXX_FEATURE:1cxx_auto_type
    Feature record: CXX_FEATURE:1cxx_binary_literals
    Feature record: CXX_FEATURE:1cxx_constexpr
    Feature record: CXX_FEATURE:1cxx_contextual_conversions
    Feature record: CXX_FEATURE:1cxx_decltype
    Feature record: CXX_FEATURE:1cxx_decltype_auto
    Feature record: CXX_FEATURE:1cxx_decltype_incomplete_return_types
    Feature record: CXX_FEATURE:1cxx_default_function_template_args
    Feature record: CXX_FEATURE:1cxx_defaulted_functions
    Feature record: CXX_FEATURE:1cxx_defaulted_move_initializers
    Feature record: CXX_FEATURE:1cxx_delegating_constructors
    Feature record: CXX_FEATURE:1cxx_deleted_functions
    Feature record: CXX_FEATURE:1cxx_digit_separators
    Feature record: CXX_FEATURE:1cxx_enum_forward_declarations
    Feature record: CXX_FEATURE:1cxx_explicit_conversions
    Feature record: CXX_FEATURE:1cxx_extended_friend_declarations
    Feature record: CXX_FEATURE:1cxx_extern_templates
    Feature record: CXX_FEATURE:1cxx_final
    Feature record: CXX_FEATURE:1cxx_func_identifier
    Feature record: CXX_FEATURE:1cxx_generalized_initializers
    Feature record: CXX_FEATURE:1cxx_generic_lambdas
    Feature record: CXX_FEATURE:1cxx_inheriting_constructors
    Feature record: CXX_FEATURE:1cxx_inline_namespaces
    Feature record: CXX_FEATURE:1cxx_lambdas
    Feature record: CXX_FEATURE:1cxx_lambda_init_captures
    Feature record: CXX_FEATURE:1cxx_local_type_template_args
    Feature record: CXX_FEATURE:1cxx_long_long_type
    Feature record: CXX_FEATURE:1cxx_noexcept
    Feature record: CXX_FEATURE:1cxx_nonstatic_member_init
    Feature record: CXX_FEATURE:1cxx_nullptr
    Feature record: CXX_FEATURE:1cxx_override
    Feature record: CXX_FEATURE:1cxx_range_for
    Feature record: CXX_FEATURE:1cxx_raw_string_literals
    Feature record: CXX_FEATURE:1cxx_reference_qualified_functions
    Feature record: CXX_FEATURE:1cxx_relaxed_constexpr
    Feature record: CXX_FEATURE:1cxx_return_type_deduction
    Feature record: CXX_FEATURE:1cxx_right_angle_brackets
    Feature record: CXX_FEATURE:1cxx_rvalue_references
    Feature record: CXX_FEATURE:1cxx_sizeof_member
    Feature record: CXX_FEATURE:1cxx_static_assert
    Feature record: CXX_FEATURE:1cxx_strong_enums
    Feature record: CXX_FEATURE:1cxx_template_template_parameters
    Feature record: CXX_FEATURE:1cxx_thread_local
    Feature record: CXX_FEATURE:1cxx_trailing_return_types
    Feature record: CXX_FEATURE:1cxx_unicode_literals
    Feature record: CXX_FEATURE:1cxx_uniform_initialization
    Feature record: CXX_FEATURE:1cxx_unrestricted_unions
    Feature record: CXX_FEATURE:1cxx_user_literals
    Feature record: CXX_FEATURE:1cxx_variable_templates
    Feature record: CXX_FEATURE:1cxx_variadic_macros
    Feature record: CXX_FEATURE:1cxx_variadic_templates


Detecting CXX [-std=c++14] compiler features compiled with the following output:
Change Dir: /home/xinyu/workspace/360/shunYu-TOFRGBD/camera_lcm_demo_SY/build/CMakeFiles/CMakeTmp

Run Build Command:"/usr/bin/make" "cmTC_206a2/fast"
/usr/bin/make -f CMakeFiles/cmTC_206a2.dir/build.make CMakeFiles/cmTC_206a2.dir/build
make[1]: 进入目录“/home/xinyu/workspace/360/shunYu-TOFRGBD/camera_lcm_demo_SY/build/CMakeFiles/CMakeTmp”
Building CXX object CMakeFiles/cmTC_206a2.dir/feature_tests.cxx.o
/home/xinyu/.Toolchain/gcc-buildroot-9.3.0-2020.03-x86_64_aarch64-rockchip-linux-gnu/bin/aarch64-rockchip-linux-gnu-g++  -DUSER=\"xinyu\"  -std=c++14 -o CMakeFiles/cmTC_206a2.dir/feature_tests.cxx.o -c /home/xinyu/workspace/360/shunYu-TOFRGBD/camera_lcm_demo_SY/build/CMakeFiles/feature_tests.cxx
Linking CXX executable cmTC_206a2
/usr/bin/cmake -E cmake_link_script CMakeFiles/cmTC_206a2.dir/link.txt --verbose=1
/home/xinyu/.Toolchain/gcc-buildroot-9.3.0-2020.03-x86_64_aarch64-rockchip-linux-gnu/bin/aarch64-rockchip-linux-gnu-g++       -rdynamic CMakeFiles/cmTC_206a2.dir/feature_tests.cxx.o  -o cmTC_206a2 
make[1]: 离开目录“/home/xinyu/workspace/360/shunYu-TOFRGBD/camera_lcm_demo_SY/build/CMakeFiles/CMakeTmp”


    Feature record: CXX_FEATURE:1cxx_aggregate_default_initializers
    Feature record: CXX_FEATURE:1cxx_alias_templates
    Feature record: CXX_FEATURE:1cxx_alignas
    Feature record: CXX_FEATURE:1cxx_alignof
    Feature record: CXX_FEATURE:1cxx_attributes
    Feature record: CXX_FEATURE:1cxx_attribute_deprecated
    Feature record: CXX_FEATURE:1cxx_auto_type
    Feature record: CXX_FEATURE:1cxx_binary_literals
    Feature record: CXX_FEATURE:1cxx_constexpr
    Feature record: CXX_FEATURE:1cxx_contextual_conversions
    Feature record: CXX_FEATURE:1cxx_decltype
    Feature record: CXX_FEATURE:1cxx_decltype_auto
    Feature record: CXX_FEATURE:1cxx_decltype_incomplete_return_types
    Feature record: CXX_FEATURE:1cxx_default_function_template_args
    Feature record: CXX_FEATURE:1cxx_defaulted_functions
    Feature record: CXX_FEATURE:1cxx_defaulted_move_initializers
    Feature record: CXX_FEATURE:1cxx_delegating_constructors
    Feature record: CXX_FEATURE:1cxx_deleted_functions
    Feature record: CXX_FEATURE:1cxx_digit_separators
    Feature record: CXX_FEATURE:1cxx_enum_forward_declarations
    Feature record: CXX_FEATURE:1cxx_explicit_conversions
    Feature record: CXX_FEATURE:1cxx_extended_friend_declarations
    Feature record: CXX_FEATURE:1cxx_extern_templates
    Feature record: CXX_FEATURE:1cxx_final
    Feature record: CXX_FEATURE:1cxx_func_identifier
    Feature record: CXX_FEATURE:1cxx_generalized_initializers
    Feature record: CXX_FEATURE:1cxx_generic_lambdas
    Feature record: CXX_FEATURE:1cxx_inheriting_constructors
    Feature record: CXX_FEATURE:1cxx_inline_namespaces
    Feature record: CXX_FEATURE:1cxx_lambdas
    Feature record: CXX_FEATURE:1cxx_lambda_init_captures
    Feature record: CXX_FEATURE:1cxx_local_type_template_args
    Feature record: CXX_FEATURE:1cxx_long_long_type
    Feature record: CXX_FEATURE:1cxx_noexcept
    Feature record: CXX_FEATURE:1cxx_nonstatic_member_init
    Feature record: CXX_FEATURE:1cxx_nullptr
    Feature record: CXX_FEATURE:1cxx_override
    Feature record: CXX_FEATURE:1cxx_range_for
    Feature record: CXX_FEATURE:1cxx_raw_string_literals
    Feature record: CXX_FEATURE:1cxx_reference_qualified_functions
    Feature record: CXX_FEATURE:1cxx_relaxed_constexpr
    Feature record: CXX_FEATURE:1cxx_return_type_deduction
    Feature record: CXX_FEATURE:1cxx_right_angle_brackets
    Feature record: CXX_FEATURE:1cxx_rvalue_references
    Feature record: CXX_FEATURE:1cxx_sizeof_member
    Feature record: CXX_FEATURE:1cxx_static_assert
    Feature record: CXX_FEATURE:1cxx_strong_enums
    Feature record: CXX_FEATURE:1cxx_template_template_parameters
    Feature record: CXX_FEATURE:1cxx_thread_local
    Feature record: CXX_FEATURE:1cxx_trailing_return_types
    Feature record: CXX_FEATURE:1cxx_unicode_literals
    Feature record: CXX_FEATURE:1cxx_uniform_initialization
    Feature record: CXX_FEATURE:1cxx_unrestricted_unions
    Feature record: CXX_FEATURE:1cxx_user_literals
    Feature record: CXX_FEATURE:1cxx_variable_templates
    Feature record: CXX_FEATURE:1cxx_variadic_macros
    Feature record: CXX_FEATURE:1cxx_variadic_templates


Detecting CXX [-std=c++11] compiler features compiled with the following output:
Change Dir: /home/xinyu/workspace/360/shunYu-TOFRGBD/camera_lcm_demo_SY/build/CMakeFiles/CMakeTmp

Run Build Command:"/usr/bin/make" "cmTC_53ce8/fast"
/usr/bin/make -f CMakeFiles/cmTC_53ce8.dir/build.make CMakeFiles/cmTC_53ce8.dir/build
make[1]: 进入目录“/home/xinyu/workspace/360/shunYu-TOFRGBD/camera_lcm_demo_SY/build/CMakeFiles/CMakeTmp”
Building CXX object CMakeFiles/cmTC_53ce8.dir/feature_tests.cxx.o
/home/xinyu/.Toolchain/gcc-buildroot-9.3.0-2020.03-x86_64_aarch64-rockchip-linux-gnu/bin/aarch64-rockchip-linux-gnu-g++  -DUSER=\"xinyu\"  -std=c++11 -o CMakeFiles/cmTC_53ce8.dir/feature_tests.cxx.o -c /home/xinyu/workspace/360/shunYu-TOFRGBD/camera_lcm_demo_SY/build/CMakeFiles/feature_tests.cxx
Linking CXX executable cmTC_53ce8
/usr/bin/cmake -E cmake_link_script CMakeFiles/cmTC_53ce8.dir/link.txt --verbose=1
/home/xinyu/.Toolchain/gcc-buildroot-9.3.0-2020.03-x86_64_aarch64-rockchip-linux-gnu/bin/aarch64-rockchip-linux-gnu-g++       -rdynamic CMakeFiles/cmTC_53ce8.dir/feature_tests.cxx.o  -o cmTC_53ce8 
make[1]: 离开目录“/home/xinyu/workspace/360/shunYu-TOFRGBD/camera_lcm_demo_SY/build/CMakeFiles/CMakeTmp”


    Feature record: CXX_FEATURE:0cxx_aggregate_default_initializers
    Feature record: CXX_FEATURE:1cxx_alias_templates
    Feature record: CXX_FEATURE:1cxx_alignas
    Feature record: CXX_FEATURE:1cxx_alignof
    Feature record: CXX_FEATURE:1cxx_attributes
    Feature record: CXX_FEATURE:0cxx_attribute_deprecated
    Feature record: CXX_FEATURE:1cxx_auto_type
    Feature record: CXX_FEATURE:0cxx_binary_literals
    Feature record: CXX_FEATURE:1cxx_constexpr
    Feature record: CXX_FEATURE:0cxx_contextual_conversions
    Feature record: CXX_FEATURE:1cxx_decltype
    Feature record: CXX_FEATURE:0cxx_decltype_auto
    Feature record: CXX_FEATURE:1cxx_decltype_incomplete_return_types
    Feature record: CXX_FEATURE:1cxx_default_function_template_args
    Feature record: CXX_FEATURE:1cxx_defaulted_functions
    Feature record: CXX_FEATURE:1cxx_defaulted_move_initializers
    Feature record: CXX_FEATURE:1cxx_delegating_constructors
    Feature record: CXX_FEATURE:1cxx_deleted_functions
    Feature record: CXX_FEATURE:0cxx_digit_separators
    Feature record: CXX_FEATURE:1cxx_enum_forward_declarations
    Feature record: CXX_FEATURE:1cxx_explicit_conversions
    Feature record: CXX_FEATURE:1cxx_extended_friend_declarations
    Feature record: CXX_FEATURE:1cxx_extern_templates
    Feature record: CXX_FEATURE:1cxx_final
    Feature record: CXX_FEATURE:1cxx_func_identifier
    Feature record: CXX_FEATURE:1cxx_generalized_initializers
    Feature record: CXX_FEATURE:0cxx_generic_lambdas
    Feature record: CXX_FEATURE:1cxx_inheriting_constructors
    Feature record: CXX_FEATURE:1cxx_inline_namespaces
    Feature record: CXX_FEATURE:1cxx_lambdas
    Feature record: CXX_FEATURE:0cxx_lambda_init_captures
    Feature record: CXX_FEATURE:1cxx_local_type_template_args
    Feature record: CXX_FEATURE:1cxx_long_long_type
    Feature record: CXX_FEATURE:1cxx_noexcept
    Feature record: CXX_FEATURE:1cxx_nonstatic_member_init
    Feature record: CXX_FEATURE:1cxx_nullptr
    Feature record: CXX_FEATURE:1cxx_override
    Feature record: CXX_FEATURE:1cxx_range_for
    Feature record: CXX_FEATURE:1cxx_raw_string_literals
    Feature record: CXX_FEATURE:1cxx_reference_qualified_functions
    Feature record: CXX_FEATURE:0cxx_relaxed_constexpr
    Feature record: CXX_FEATURE:0cxx_return_type_deduction
    Feature record: CXX_FEATURE:1cxx_right_angle_brackets
    Feature record: CXX_FEATURE:1cxx_rvalue_references
    Feature record: CXX_FEATURE:1cxx_sizeof_member
    Feature record: CXX_FEATURE:1cxx_static_assert
    Feature record: CXX_FEATURE:1cxx_strong_enums
    Feature record: CXX_FEATURE:1cxx_template_template_parameters
    Feature record: CXX_FEATURE:1cxx_thread_local
    Feature record: CXX_FEATURE:1cxx_trailing_return_types
    Feature record: CXX_FEATURE:1cxx_unicode_literals
    Feature record: CXX_FEATURE:1cxx_uniform_initialization
    Feature record: CXX_FEATURE:1cxx_unrestricted_unions
    Feature record: CXX_FEATURE:1cxx_user_literals
    Feature record: CXX_FEATURE:0cxx_variable_templates
    Feature record: CXX_FEATURE:1cxx_variadic_macros
    Feature record: CXX_FEATURE:1cxx_variadic_templates


Detecting CXX [-std=c++98] compiler features compiled with the following output:
Change Dir: /home/xinyu/workspace/360/shunYu-TOFRGBD/camera_lcm_demo_SY/build/CMakeFiles/CMakeTmp

Run Build Command:"/usr/bin/make" "cmTC_e29e8/fast"
/usr/bin/make -f CMakeFiles/cmTC_e29e8.dir/build.make CMakeFiles/cmTC_e29e8.dir/build
make[1]: 进入目录“/home/xinyu/workspace/360/shunYu-TOFRGBD/camera_lcm_demo_SY/build/CMakeFiles/CMakeTmp”
Building CXX object CMakeFiles/cmTC_e29e8.dir/feature_tests.cxx.o
/home/xinyu/.Toolchain/gcc-buildroot-9.3.0-2020.03-x86_64_aarch64-rockchip-linux-gnu/bin/aarch64-rockchip-linux-gnu-g++  -DUSER=\"xinyu\"  -std=c++98 -o CMakeFiles/cmTC_e29e8.dir/feature_tests.cxx.o -c /home/xinyu/workspace/360/shunYu-TOFRGBD/camera_lcm_demo_SY/build/CMakeFiles/feature_tests.cxx
Linking CXX executable cmTC_e29e8
/usr/bin/cmake -E cmake_link_script CMakeFiles/cmTC_e29e8.dir/link.txt --verbose=1
/home/xinyu/.Toolchain/gcc-buildroot-9.3.0-2020.03-x86_64_aarch64-rockchip-linux-gnu/bin/aarch64-rockchip-linux-gnu-g++       -rdynamic CMakeFiles/cmTC_e29e8.dir/feature_tests.cxx.o  -o cmTC_e29e8 
make[1]: 离开目录“/home/xinyu/workspace/360/shunYu-TOFRGBD/camera_lcm_demo_SY/build/CMakeFiles/CMakeTmp”


    Feature record: CXX_FEATURE:0cxx_aggregate_default_initializers
    Feature record: CXX_FEATURE:0cxx_alias_templates
    Feature record: CXX_FEATURE:0cxx_alignas
    Feature record: CXX_FEATURE:0cxx_alignof
    Feature record: CXX_FEATURE:0cxx_attributes
    Feature record: CXX_FEATURE:0cxx_attribute_deprecated
    Feature record: CXX_FEATURE:0cxx_auto_type
    Feature record: CXX_FEATURE:0cxx_binary_literals
    Feature record: CXX_FEATURE:0cxx_constexpr
    Feature record: CXX_FEATURE:0cxx_contextual_conversions
    Feature record: CXX_FEATURE:0cxx_decltype
    Feature record: CXX_FEATURE:0cxx_decltype_auto
    Feature record: CXX_FEATURE:0cxx_decltype_incomplete_return_types
    Feature record: CXX_FEATURE:0cxx_default_function_template_args
    Feature record: CXX_FEATURE:0cxx_defaulted_functions
    Feature record: CXX_FEATURE:0cxx_defaulted_move_initializers
    Feature record: CXX_FEATURE:0cxx_delegating_constructors
    Feature record: CXX_FEATURE:0cxx_deleted_functions
    Feature record: CXX_FEATURE:0cxx_digit_separators
    Feature record: CXX_FEATURE:0cxx_enum_forward_declarations
    Feature record: CXX_FEATURE:0cxx_explicit_conversions
    Feature record: CXX_FEATURE:0cxx_extended_friend_declarations
    Feature record: CXX_FEATURE:0cxx_extern_templates
    Feature record: CXX_FEATURE:0cxx_final
    Feature record: CXX_FEATURE:0cxx_func_identifier
    Feature record: CXX_FEATURE:0cxx_generalized_initializers
    Feature record: CXX_FEATURE:0cxx_generic_lambdas
    Feature record: CXX_FEATURE:0cxx_inheriting_constructors
    Feature record: CXX_FEATURE:0cxx_inline_namespaces
    Feature record: CXX_FEATURE:0cxx_lambdas
    Feature record: CXX_FEATURE:0cxx_lambda_init_captures
    Feature record: CXX_FEATURE:0cxx_local_type_template_args
    Feature record: CXX_FEATURE:0cxx_long_long_type
    Feature record: CXX_FEATURE:0cxx_noexcept
    Feature record: CXX_FEATURE:0cxx_nonstatic_member_init
    Feature record: CXX_FEATURE:0cxx_nullptr
    Feature record: CXX_FEATURE:0cxx_override
    Feature record: CXX_FEATURE:0cxx_range_for
    Feature record: CXX_FEATURE:0cxx_raw_string_literals
    Feature record: CXX_FEATURE:0cxx_reference_qualified_functions
    Feature record: CXX_FEATURE:0cxx_relaxed_constexpr
    Feature record: CXX_FEATURE:0cxx_return_type_deduction
    Feature record: CXX_FEATURE:0cxx_right_angle_brackets
    Feature record: CXX_FEATURE:0cxx_rvalue_references
    Feature record: CXX_FEATURE:0cxx_sizeof_member
    Feature record: CXX_FEATURE:0cxx_static_assert
    Feature record: CXX_FEATURE:0cxx_strong_enums
    Feature record: CXX_FEATURE:1cxx_template_template_parameters
    Feature record: CXX_FEATURE:0cxx_thread_local
    Feature record: CXX_FEATURE:0cxx_trailing_return_types
    Feature record: CXX_FEATURE:0cxx_unicode_literals
    Feature record: CXX_FEATURE:0cxx_uniform_initialization
    Feature record: CXX_FEATURE:0cxx_unrestricted_unions
    Feature record: CXX_FEATURE:0cxx_user_literals
    Feature record: CXX_FEATURE:0cxx_variable_templates
    Feature record: CXX_FEATURE:0cxx_variadic_macros
    Feature record: CXX_FEATURE:0cxx_variadic_templates
Determining if the include file pthread.h exists passed with the following output:
Change Dir: /home/xinyu/workspace/360/shunYu-TOFRGBD/camera_lcm_demo_SY/build/CMakeFiles/CMakeTmp

Run Build Command:"/usr/bin/make" "cmTC_81209/fast"
/usr/bin/make -f CMakeFiles/cmTC_81209.dir/build.make CMakeFiles/cmTC_81209.dir/build
make[1]: 进入目录“/home/xinyu/workspace/360/shunYu-TOFRGBD/camera_lcm_demo_SY/build/CMakeFiles/CMakeTmp”
Building C object CMakeFiles/cmTC_81209.dir/CheckIncludeFile.c.o
/home/xinyu/.Toolchain/gcc-buildroot-9.3.0-2020.03-x86_64_aarch64-rockchip-linux-gnu/bin/aarch64-rockchip-linux-gnu-gcc -DUSER=\"xinyu\"   -o CMakeFiles/cmTC_81209.dir/CheckIncludeFile.c.o   -c /home/xinyu/workspace/360/shunYu-TOFRGBD/camera_lcm_demo_SY/build/CMakeFiles/CMakeTmp/CheckIncludeFile.c
Linking C executable cmTC_81209
/usr/bin/cmake -E cmake_link_script CMakeFiles/cmTC_81209.dir/link.txt --verbose=1
/home/xinyu/.Toolchain/gcc-buildroot-9.3.0-2020.03-x86_64_aarch64-rockchip-linux-gnu/bin/aarch64-rockchip-linux-gnu-gcc      -rdynamic CMakeFiles/cmTC_81209.dir/CheckIncludeFile.c.o  -o cmTC_81209 
make[1]: 离开目录“/home/xinyu/workspace/360/shunYu-TOFRGBD/camera_lcm_demo_SY/build/CMakeFiles/CMakeTmp”


Determining if the function pthread_create exists in the pthread passed with the following output:
Change Dir: /home/xinyu/workspace/360/shunYu-TOFRGBD/camera_lcm_demo_SY/build/CMakeFiles/CMakeTmp

Run Build Command:"/usr/bin/make" "cmTC_1acda/fast"
/usr/bin/make -f CMakeFiles/cmTC_1acda.dir/build.make CMakeFiles/cmTC_1acda.dir/build
make[1]: 进入目录“/home/xinyu/workspace/360/shunYu-TOFRGBD/camera_lcm_demo_SY/build/CMakeFiles/CMakeTmp”
Building C object CMakeFiles/cmTC_1acda.dir/CheckFunctionExists.c.o
/home/xinyu/.Toolchain/gcc-buildroot-9.3.0-2020.03-x86_64_aarch64-rockchip-linux-gnu/bin/aarch64-rockchip-linux-gnu-gcc -DUSER=\"xinyu\"  -DCHECK_FUNCTION_EXISTS=pthread_create   -o CMakeFiles/cmTC_1acda.dir/CheckFunctionExists.c.o   -c /usr/share/cmake-3.10/Modules/CheckFunctionExists.c
Linking C executable cmTC_1acda
/usr/bin/cmake -E cmake_link_script CMakeFiles/cmTC_1acda.dir/link.txt --verbose=1
/home/xinyu/.Toolchain/gcc-buildroot-9.3.0-2020.03-x86_64_aarch64-rockchip-linux-gnu/bin/aarch64-rockchip-linux-gnu-gcc  -DCHECK_FUNCTION_EXISTS=pthread_create    -rdynamic CMakeFiles/cmTC_1acda.dir/CheckFunctionExists.c.o  -o cmTC_1acda -lpthread 
make[1]: 离开目录“/home/xinyu/workspace/360/shunYu-TOFRGBD/camera_lcm_demo_SY/build/CMakeFiles/CMakeTmp”


